2021-11-07 15:00:46:046 [32minfo[39m: [32mserver started at http://localhost:3001[39m
2021-11-07 15:01:05:15 [35mhttp[39m: [35mGET / 200 29 - 3.750 ms[39m
[35m[39m
2021-11-07 15:01:05:15 [35mhttp[39m: [35mGET /favicon.ico 404 1479 - 1.805 ms[39m
[35m[39m
2021-11-07 15:01:12:112 [35mhttp[39m: [35mGET / 304 - - 0.657 ms[39m
[35m[39m
2021-11-07 15:01:14:114 [35mhttp[39m: [35mGET / 304 - - 0.404 ms[39m
[35m[39m
2021-11-07 15:03:30:330 [35mhttp[39m: [35mGET / 304 - - 0.387 ms[39m
[35m[39m
2021-11-07 15:05:41:541 [32minfo[39m: [32mserver started at http://localhost:undefined[39m
2021-11-07 15:08:09:89 [32minfo[39m: [32mserver started at http://localhost:undefined[39m
2021-11-07 15:53:41:5341 [32minfo[39m: [32mserver started at http://localhost:3001[39m
2021-11-07 15:53:54:5354 [35mhttp[39m: [35mGET / 200 29 - 1.994 ms[39m
[35m[39m
2021-11-07 15:53:56:5356 [35mhttp[39m: [35mGET / 304 - - 0.793 ms[39m
[35m[39m
2021-11-07 15:53:58:5358 [35mhttp[39m: [35mGET / 304 - - 0.410 ms[39m
[35m[39m
2021-11-07 15:54:01:541 [35mhttp[39m: [35mGET / 304 - - 0.317 ms[39m
[35m[39m
2021-11-07 15:54:14:5414 [32minfo[39m: [32mserver started at http://localhost:3001[39m
2021-11-07 15:54:16:5416 [35mhttp[39m: [35mGET / 304 - - 3.008 ms[39m
[35m[39m
2021-11-07 15:54:19:5419 [35mhttp[39m: [35mGET / 304 - - 0.414 ms[39m
[35m[39m
2021-11-07 15:55:45:5545 [32minfo[39m: [32mserver started at http://localhost:3001[39m
2021-11-07 15:56:47:5647 [35mhttp[39m: [35mGET / 304 - - 2.150 ms[39m
[35m[39m
2021-11-07 15:58:29:5829 [32minfo[39m: [32mserver started at http://localhost:3001[39m
2021-11-07 15:58:31:5831 [35mhttp[39m: [35mGET / 304 - - 3.104 ms[39m
[35m[39m
2021-11-07 15:58:32:5832 [35mhttp[39m: [35mGET / 304 - - 0.436 ms[39m
[35m[39m
2021-11-07 15:58:33:5833 [35mhttp[39m: [35mGET / 304 - - 0.269 ms[39m
[35m[39m
2021-11-07 15:58:33:5833 [35mhttp[39m: [35mGET / 304 - - 0.336 ms[39m
[35m[39m
2021-11-07 15:58:33:5833 [35mhttp[39m: [35mGET / 304 - - 0.259 ms[39m
[35m[39m
2021-11-07 15:58:33:5833 [35mhttp[39m: [35mGET / 304 - - 0.272 ms[39m
[35m[39m
2021-11-07 16:01:21:121 [35mhttp[39m: [35mGET / 304 - - 2.977 ms[39m
[35m[39m
2021-11-07 16:01:22:122 [35mhttp[39m: [35mGET / 304 - - 0.392 ms[39m
[35m[39m
2021-11-07 16:05:57:557 [35mhttp[39m: [35mGET / 304 - - 0.462 ms[39m
[35m[39m
2021-11-07 17:00:07:07 [32minfo[39m: [32mserver started at http://localhost:3001[39m
2021-11-07 17:00:07:07 [35mhttp[39m: [35mGET / 200 29 - 4.149 ms[39m
[35m[39m
2021-11-07 17:02:22:222 [35mhttp[39m: [35mGET / 200 29 - 3.801 ms[39m
[35m[39m
2021-11-07 17:03:25:325 [32minfo[39m: [32mserver started at http://localhost:3001[39m
2021-11-07 17:03:25:325 [35mhttp[39m: [35mGET / 200 29 - 8.620 ms[39m
[35m[39m
2021-11-07 17:27:39:2739 [35mhttp[39m: [35mGET / 200 29 - 4.114 ms[39m
[35m[39m
2021-11-07 17:27:49:2749 [32minfo[39m: [32mserver started at http://localhost:3001[39m
2021-11-07 17:27:49:2749 [35mhttp[39m: [35mGET / 200 29 - 5.215 ms[39m
[35m[39m
2021-11-07 17:28:04:284 [32minfo[39m: [32mserver started at http://localhost:3001[39m
2021-11-07 17:28:04:284 [35mhttp[39m: [35mGET / 200 29 - 4.974 ms[39m
[35m[39m
2021-11-07 17:31:45:3145 [32minfo[39m: [32mserver started at http://localhost:3001[39m
2021-11-07 17:31:48:3148 [35mhttp[39m: [35mGET / 200 29 - 5.939 ms[39m
[35m[39m
2021-11-07 17:31:58:3158 [35mhttp[39m: [35mGET / 200 29 - 4.019 ms[39m
[35m[39m
2021-11-07 17:32:13:3213 [35mhttp[39m: [35mGET / 200 29 - 4.899 ms[39m
[35m[39m
2021-11-07 17:32:22:3222 [35mhttp[39m: [35mGET / 200 29 - 2.473 ms[39m
[35m[39m
2021-11-07 17:33:28:3328 [32minfo[39m: [32mserver started at http://localhost:3001[39m
2021-11-07 17:33:30:3330 [35mhttp[39m: [35mGET / 200 29 - 3.216 ms[39m
[35m[39m
2021-11-07 17:33:42:3342 [32minfo[39m: [32mserver started at http://localhost:3001[39m
2021-11-07 17:33:44:3344 [35mhttp[39m: [35mGET / 200 29 - 4.683 ms[39m
[35m[39m
2021-11-07 17:34:33:3433 [32minfo[39m: [32mserver started at http://localhost:3001[39m
2021-11-07 17:34:42:3442 [35mhttp[39m: [35mGET / 200 29 - 4.807 ms[39m
[35m[39m
2021-11-07 17:35:01:351 [35mhttp[39m: [35mGET / 200 29 - 4.229 ms[39m
[35m[39m
2021-11-07 17:37:11:3711 [35mhttp[39m: [35mGET / 200 29 - 3.807 ms[39m
[35m[39m
